<?xml version="1.0" encoding="UTF-8"?>
<testsuites name="New Test Suite" time="68.638" tests="2" failures="0" errors="0">
   <testsuite name="New Test Suite" tests="2" failures="0" errors="0" time="68.638" skipped="0" timestamp="07-02-2025T18:52:14" hostname="Rajesh kasture - LAPTOP-9U10MB95" id="Test Suites/New Test Suite">
      <properties>
         <property name="deviceName" value=""/>
         <property name="devicePlatform"/>
         <property name="logFolder" value="C:\\Users\\Rajesh kasture\\git\\DemoWebProject\\DemoWebProject\\Reports\\20250207_185206\\New Test Suite\\20250207_185207"/>
         <property name="logFiles" value="C:\\Users\\Rajesh kasture\\git\\DemoWebProject\\DemoWebProject\\Reports\\20250207_185206\\New Test Suite\\20250207_185207\\execution0.log"/>
         <property name="attachments" value=""/>
         <property name="hostName" value="Rajesh kasture - LAPTOP-9U10MB95"/>
         <property name="os" value="Windows 11 64bit"/>
         <property name="katalonVersion" value="10.0.1.223"/>
         <property name="browser" value="Chrome 132.0.0.0"/>
         <property name="hostAddress" value="192.168.156.174"/>
         <property name="sessionId" value="bf5b3b7e3c561f54e0e0be1382e14eb4"/>
         <property name="seleniumVersion" value="4.22.0"/>
         <property name="proxyInformation" value="ProxyInformation { proxyOption=NO_PROXY, proxyServerType=HTTP, username=, password=********, proxyServerAddress=, proxyServerPort=0, executionList=&quot;&quot;, isApplyToDesiredCapabilities=true }"/>
         <property name="platform" value="Windows 11"/>
      </properties>
      <testcase name="Test Cases/LoginPage" time="25.709" classname="Test Cases/LoginPage" status="PASSED">
         <system-out><![CDATA[07-02-2025T18:52:14 - [TEST_CASE][PASSED] - Test Cases/LoginPage: Test Cases/LoginPage

07-02-2025T18:52:15 - [TEST_STEP][PASSED] - Start listener action : sampleBeforeTestCase: null

07-02-2025T18:52:15 - [TEST_STEP][PASSED] - println(testCaseContext.getTestCaseId()): null

07-02-2025T18:52:15 - [TEST_STEP][PASSED] - println(testCaseContext.getTestCaseVariables()): null

07-02-2025T18:52:15 - [TEST_STEP][PASSED] - println("Test case started"): null

07-02-2025T18:52:15 - [TEST_STEP][PASSED] - openBrowser(""): Browser is opened with url: ''

07-02-2025T18:52:15 - [MESSAGE][INFO] - Starting 'Chrome' driver

07-02-2025T18:52:15 - [MESSAGE][INFO] - Action delay is set to 0 milliseconds

07-02-2025T18:52:19 - [MESSAGE][PASSED] - Browser is opened with url: ''

07-02-2025T18:52:19 - [TEST_STEP][PASSED] - delay(2): Delayed 2 second(s)

07-02-2025T18:52:21 - [MESSAGE][PASSED] - Delayed 2 second(s)

07-02-2025T18:52:21 - [TEST_STEP][PASSED] - navigateToUrl("https://opensource-demo.orangehrmlive.com/web/index.php/auth/login"): Navigate to 'https://opensource-demo.orangehrmlive.com/web/index.php/auth/login' successfully

07-02-2025T18:52:28 - [MESSAGE][PASSED] - Navigate to 'https://opensource-demo.orangehrmlive.com/web/index.php/auth/login' successfully

07-02-2025T18:52:28 - [TEST_STEP][PASSED] - maximizeWindow(STOP_ON_FAILURE): Current window maximized

07-02-2025T18:52:28 - [MESSAGE][PASSED] - Current window maximized

07-02-2025T18:52:28 - [TEST_STEP][PASSED] - delay(2): Delayed 2 second(s)

07-02-2025T18:52:30 - [MESSAGE][PASSED] - Delayed 2 second(s)

07-02-2025T18:52:30 - [TEST_STEP][PASSED] - setText(findTestObject("LoginPage/Page_OrangeHRM/input_Username_username"), "Admin"): Text 'Admin' is set on object 'Object Repository/LoginPage/Page_OrangeHRM/input_Username_username'

07-02-2025T18:52:31 - [MESSAGE][PASSED] - Text 'Admin' is set on object 'Object Repository/LoginPage/Page_OrangeHRM/input_Username_username'

07-02-2025T18:52:31 - [TEST_STEP][PASSED] - delay(2): Delayed 2 second(s)

07-02-2025T18:52:33 - [MESSAGE][PASSED] - Delayed 2 second(s)

07-02-2025T18:52:33 - [TEST_STEP][PASSED] - setText(findTestObject("LoginPage/Page_OrangeHRM/input_Password_password"), "admin123"): Text 'admin123' is set on object 'Object Repository/LoginPage/Page_OrangeHRM/input_Password_password'

07-02-2025T18:52:34 - [MESSAGE][PASSED] - Text 'admin123' is set on object 'Object Repository/LoginPage/Page_OrangeHRM/input_Password_password'

07-02-2025T18:52:34 - [TEST_STEP][PASSED] - delay(2): Delayed 2 second(s)

07-02-2025T18:52:36 - [MESSAGE][PASSED] - Delayed 2 second(s)

07-02-2025T18:52:36 - [TEST_STEP][PASSED] - click(findTestObject("LoginPage/Page_OrangeHRM/button_Login")): Object: 'Object Repository/LoginPage/Page_OrangeHRM/button_Login' is clicked on

07-02-2025T18:52:37 - [MESSAGE][PASSED] - Object: 'Object Repository/LoginPage/Page_OrangeHRM/button_Login' is clicked on

07-02-2025T18:52:37 - [TEST_STEP][PASSED] - delay(2): Delayed 2 second(s)

07-02-2025T18:52:39 - [MESSAGE][PASSED] - Delayed 2 second(s)

07-02-2025T18:52:39 - [TEST_STEP][PASSED] - closeBrowser(STOP_ON_FAILURE): Browser is closed

07-02-2025T18:52:40 - [MESSAGE][PASSED] - Browser is closed

07-02-2025T18:52:40 - [TEST_STEP][PASSED] - Start listener action : sampleAfterTestCase: null

07-02-2025T18:52:40 - [TEST_STEP][PASSED] - println(testCaseContext.getTestCaseId()): null

07-02-2025T18:52:40 - [TEST_STEP][PASSED] - println(testCaseContext.getTestCaseStatus()): null

07-02-2025T18:52:40 - [TEST_STEP][PASSED] - println("Test case closed"): null]]></system-out>
         <system-err><![CDATA[]]></system-err>
      </testcase>
      <testcase name="Test Cases/Amezon" time="42.514" classname="Test Cases/Amezon" status="PASSED">
         <system-out><![CDATA[07-02-2025T18:52:40 - [TEST_CASE][PASSED] - Test Cases/Amezon: Test Cases/Amezon

07-02-2025T18:52:40 - [TEST_STEP][PASSED] - Start listener action : sampleBeforeTestCase: null

07-02-2025T18:52:40 - [TEST_STEP][PASSED] - println(testCaseContext.getTestCaseId()): null

07-02-2025T18:52:40 - [TEST_STEP][PASSED] - println(testCaseContext.getTestCaseVariables()): null

07-02-2025T18:52:40 - [TEST_STEP][PASSED] - println("Test case started"): null

07-02-2025T18:52:40 - [TEST_STEP][PASSED] - openBrowser(""): Browser is opened with url: ''

07-02-2025T18:52:40 - [MESSAGE][INFO] - Starting 'Chrome' driver

07-02-2025T18:52:40 - [MESSAGE][INFO] - Action delay is set to 0 milliseconds

07-02-2025T18:52:44 - [MESSAGE][PASSED] - Browser is opened with url: ''

07-02-2025T18:52:44 - [TEST_STEP][PASSED] - delay(2): Delayed 2 second(s)

07-02-2025T18:52:46 - [MESSAGE][PASSED] - Delayed 2 second(s)

07-02-2025T18:52:46 - [TEST_STEP][PASSED] - navigateToUrl("https://www.amazon.in/"): Navigate to 'https://www.amazon.in/' successfully

07-02-2025T18:52:49 - [MESSAGE][PASSED] - Navigate to 'https://www.amazon.in/' successfully

07-02-2025T18:52:49 - [TEST_STEP][PASSED] - delay(2): Delayed 2 second(s)

07-02-2025T18:52:51 - [MESSAGE][PASSED] - Delayed 2 second(s)

07-02-2025T18:52:51 - [TEST_STEP][PASSED] - enhancedClick(findTestObject("Object Repository/Amezon/Page_Online Shopping site in India Shop Onl_10c5f3/a_Mobiles")): Object: 'Object Repository/Amezon/Page_Online Shopping site in India Shop Onl_10c5f3/a_Mobiles' is clicked on

07-02-2025T18:53:00 - [MESSAGE][PASSED] - Object: 'Object Repository/Amezon/Page_Online Shopping site in India Shop Onl_10c5f3/a_Mobiles' is clicked on

07-02-2025T18:53:00 - [TEST_STEP][PASSED] - delay(2): Delayed 2 second(s)

07-02-2025T18:53:02 - [MESSAGE][PASSED] - Delayed 2 second(s)

07-02-2025T18:53:02 - [TEST_STEP][PASSED] - click(findTestObject("Object Repository/Amezon/Page_Mobile Phones Buy New Mobiles Online a_11ca6d/i_Delivery Day_a-icon a-icon-checkbox")): Object: 'Object Repository/Amezon/Page_Mobile Phones Buy New Mobiles Online a_11ca6d/i_Delivery Day_a-icon a-icon-checkbox' is clicked on

07-02-2025T18:53:05 - [MESSAGE][PASSED] - Object: 'Object Repository/Amezon/Page_Mobile Phones Buy New Mobiles Online a_11ca6d/i_Delivery Day_a-icon a-icon-checkbox' is clicked on

07-02-2025T18:53:05 - [TEST_STEP][PASSED] - delay(2): Delayed 2 second(s)

07-02-2025T18:53:07 - [MESSAGE][PASSED] - Delayed 2 second(s)

07-02-2025T18:53:07 - [TEST_STEP][PASSED] - click(findTestObject("Object Repository/Amezon/Page_Amazon.in/h2_Samsung Galaxy M05 (Mint Green, 4GB RAM,_a1ed84")): Object: 'Object Repository/Amezon/Page_Amazon.in/h2_Samsung Galaxy M05 (Mint Green, 4GB RAM,_a1ed84' is clicked on

07-02-2025T18:53:09 - [MESSAGE][PASSED] - Object: 'Object Repository/Amezon/Page_Amazon.in/h2_Samsung Galaxy M05 (Mint Green, 4GB RAM,_a1ed84' is clicked on

07-02-2025T18:53:09 - [TEST_STEP][PASSED] - delay(2): Delayed 2 second(s)

07-02-2025T18:53:11 - [MESSAGE][PASSED] - Delayed 2 second(s)

07-02-2025T18:53:11 - [TEST_STEP][PASSED] - switchToWindowTitle("Samsung Galaxy M05 (Mint Green, 4GB RAM, 64 GB Storage) | 50MP Dual Camera | Bigger 6.7" HD+ Display | 5000mAh Battery | 25W Fast Charging | 2 Gen OS Upgrade & 4 Year Security Update | Without Charger : Amazon.in: Electronics"): Switched to window with title: 'Samsung Galaxy M05 (Mint Green, 4GB RAM, 64 GB Storage) | 50MP Dual Camera | Bigger 6.7" HD+ Display | 5000mAh Battery | 25W Fast Charging | 2 Gen OS Upgrade & 4 Year Security Update | Without Charger : Amazon.in: Electronics'

07-02-2025T18:53:17 - [MESSAGE][PASSED] - Switched to window with title: 'Samsung Galaxy M05 (Mint Green, 4GB RAM, 64 GB Storage) | 50MP Dual Camera | Bigger 6.7" HD+ Display | 5000mAh Battery | 25W Fast Charging | 2 Gen OS Upgrade & 4 Year Security Update | Without Charger : Amazon.in: Electronics'

07-02-2025T18:53:17 - [TEST_STEP][PASSED] - delay(2): Delayed 2 second(s)

07-02-2025T18:53:19 - [MESSAGE][PASSED] - Delayed 2 second(s)

07-02-2025T18:53:19 - [TEST_STEP][PASSED] - click(findTestObject("Object Repository/Amezon/Page_Samsung Galaxy M05 (Mint Green, 4GB RA_e33b96/input_Shipping cost, delivery date and orde_362d1e")): Object: 'Object Repository/Amezon/Page_Samsung Galaxy M05 (Mint Green, 4GB RA_e33b96/input_Shipping cost, delivery date and orde_362d1e' is clicked on

07-02-2025T18:53:20 - [MESSAGE][PASSED] - Object: 'Object Repository/Amezon/Page_Samsung Galaxy M05 (Mint Green, 4GB RA_e33b96/input_Shipping cost, delivery date and orde_362d1e' is clicked on

07-02-2025T18:53:20 - [TEST_STEP][PASSED] - delay(2): Delayed 2 second(s)

07-02-2025T18:53:22 - [MESSAGE][PASSED] - Delayed 2 second(s)

07-02-2025T18:53:22 - [TEST_STEP][PASSED] - closeBrowser(STOP_ON_FAILURE): Browser is closed

07-02-2025T18:53:22 - [MESSAGE][PASSED] - Browser is closed

07-02-2025T18:53:22 - [TEST_STEP][PASSED] - Start listener action : sampleAfterTestCase: null

07-02-2025T18:53:22 - [TEST_STEP][PASSED] - println(testCaseContext.getTestCaseId()): null

07-02-2025T18:53:22 - [TEST_STEP][PASSED] - println(testCaseContext.getTestCaseStatus()): null

07-02-2025T18:53:22 - [TEST_STEP][PASSED] - println("Test case closed"): null]]></system-out>
         <system-err><![CDATA[]]></system-err>
      </testcase>
      <system-out><![CDATA[07-02-2025T18:52:14 - [TEST_SUITE][PASSED] - New Test Suite: Test Cases/Amezon]]></system-out>
      <system-err><![CDATA[]]></system-err>
   </testsuite>
</testsuites>
