<?xml version="1.0" encoding="UTF-8"?>
<testsuites name="New Test Suite" time="73.935" tests="2" failures="0" errors="0">
   <testsuite name="New Test Suite" tests="2" failures="0" errors="0" time="73.935" skipped="0" timestamp="27-02-2025T09:34:25" hostname="Rajesh kasture - LAPTOP-9U10MB95" id="Test Suites/New Test Suite">
      <properties>
         <property name="deviceName" value=""/>
         <property name="devicePlatform"/>
         <property name="logFolder" value="C:\\Users\\Rajesh kasture\\git\\DemoWebProject\\DemoWebProject\\Reports\\20250227_093416\\New Test Suite\\20250227_093416"/>
         <property name="logFiles" value="C:\\Users\\Rajesh kasture\\git\\DemoWebProject\\DemoWebProject\\Reports\\20250227_093416\\New Test Suite\\20250227_093416\\execution0.log"/>
         <property name="attachments" value=""/>
         <property name="hostName" value="Rajesh kasture - LAPTOP-9U10MB95"/>
         <property name="os" value="Windows 11 64bit"/>
         <property name="katalonVersion" value="10.0.1.223"/>
         <property name="browser" value="Chrome 133.0.0.0"/>
         <property name="hostAddress" value="192.168.104.174"/>
         <property name="sessionId" value="ef66dfcb5845841df679cf1aadfa91f6"/>
         <property name="seleniumVersion" value="4.22.0"/>
         <property name="proxyInformation" value="ProxyInformation { proxyOption=NO_PROXY, proxyServerType=HTTP, username=, password=********, proxyServerAddress=, proxyServerPort=0, executionList=&quot;&quot;, isApplyToDesiredCapabilities=true }"/>
         <property name="platform" value="Windows 11"/>
      </properties>
      <testcase name="Test Cases/LoginPage" time="38.192" classname="Test Cases/LoginPage" status="PASSED">
         <system-out><![CDATA[27-02-2025T09:34:26 - [TEST_CASE][PASSED] - Test Cases/LoginPage: Test Cases/LoginPage

27-02-2025T09:34:26 - [TEST_STEP][PASSED] - Start listener action : sampleBeforeTestCase: null

27-02-2025T09:34:26 - [TEST_STEP][PASSED] - println(testCaseContext.getTestCaseId()): null

27-02-2025T09:34:26 - [TEST_STEP][PASSED] - println(testCaseContext.getTestCaseVariables()): null

27-02-2025T09:34:26 - [TEST_STEP][PASSED] - println("Test case started"): null

27-02-2025T09:34:26 - [TEST_STEP][PASSED] - openBrowser(""): Browser is opened with url: ''

27-02-2025T09:34:26 - [MESSAGE][INFO] - Starting 'Chrome' driver

27-02-2025T09:34:26 - [MESSAGE][INFO] - Action delay is set to 0 milliseconds

27-02-2025T09:34:42 - [MESSAGE][PASSED] - Browser is opened with url: ''

27-02-2025T09:34:42 - [TEST_STEP][PASSED] - delay(2): Delayed 2 second(s)

27-02-2025T09:34:44 - [MESSAGE][PASSED] - Delayed 2 second(s)

27-02-2025T09:34:44 - [TEST_STEP][PASSED] - navigateToUrl("https://opensource-demo.orangehrmlive.com/web/index.php/auth/login"): Navigate to 'https://opensource-demo.orangehrmlive.com/web/index.php/auth/login' successfully

27-02-2025T09:34:48 - [MESSAGE][PASSED] - Navigate to 'https://opensource-demo.orangehrmlive.com/web/index.php/auth/login' successfully

27-02-2025T09:34:48 - [TEST_STEP][PASSED] - maximizeWindow(STOP_ON_FAILURE): Current window maximized

27-02-2025T09:34:49 - [MESSAGE][PASSED] - Current window maximized

27-02-2025T09:34:49 - [TEST_STEP][PASSED] - delay(2): Delayed 2 second(s)

27-02-2025T09:34:51 - [MESSAGE][PASSED] - Delayed 2 second(s)

27-02-2025T09:34:51 - [TEST_STEP][PASSED] - setText(findTestObject("LoginPage/Page_OrangeHRM/input_Username_username"), "Admin"): Text 'Admin' is set on object 'Object Repository/LoginPage/Page_OrangeHRM/input_Username_username'

27-02-2025T09:34:53 - [MESSAGE][PASSED] - Text 'Admin' is set on object 'Object Repository/LoginPage/Page_OrangeHRM/input_Username_username'

27-02-2025T09:34:53 - [TEST_STEP][PASSED] - delay(2): Delayed 2 second(s)

27-02-2025T09:34:55 - [MESSAGE][PASSED] - Delayed 2 second(s)

27-02-2025T09:34:55 - [TEST_STEP][PASSED] - setText(findTestObject("LoginPage/Page_OrangeHRM/input_Password_password"), "admin123"): Text 'admin123' is set on object 'Object Repository/LoginPage/Page_OrangeHRM/input_Password_password'

27-02-2025T09:34:56 - [MESSAGE][PASSED] - Text 'admin123' is set on object 'Object Repository/LoginPage/Page_OrangeHRM/input_Password_password'

27-02-2025T09:34:56 - [TEST_STEP][PASSED] - delay(2): Delayed 2 second(s)

27-02-2025T09:34:58 - [MESSAGE][PASSED] - Delayed 2 second(s)

27-02-2025T09:34:58 - [TEST_STEP][PASSED] - click(findTestObject("LoginPage/Page_OrangeHRM/button_Login")): Object: 'Object Repository/LoginPage/Page_OrangeHRM/button_Login' is clicked on

27-02-2025T09:35:00 - [MESSAGE][PASSED] - Object: 'Object Repository/LoginPage/Page_OrangeHRM/button_Login' is clicked on

27-02-2025T09:35:00 - [TEST_STEP][PASSED] - delay(2): Delayed 2 second(s)

27-02-2025T09:35:02 - [MESSAGE][PASSED] - Delayed 2 second(s)

27-02-2025T09:35:02 - [TEST_STEP][PASSED] - closeBrowser(STOP_ON_FAILURE): Browser is closed

27-02-2025T09:35:04 - [MESSAGE][PASSED] - Browser is closed

27-02-2025T09:35:04 - [TEST_STEP][PASSED] - Start listener action : sampleAfterTestCase: null

27-02-2025T09:35:04 - [TEST_STEP][PASSED] - println(testCaseContext.getTestCaseId()): null

27-02-2025T09:35:04 - [TEST_STEP][PASSED] - println(testCaseContext.getTestCaseStatus()): null

27-02-2025T09:35:04 - [TEST_STEP][PASSED] - println("Test case closed"): null]]></system-out>
         <system-err><![CDATA[]]></system-err>
      </testcase>
      <testcase name="Test Cases/Example3" time="35.329" classname="Test Cases/Example3" status="PASSED">
         <system-out><![CDATA[27-02-2025T09:35:04 - [TEST_CASE][PASSED] - Test Cases/Example3: Test Cases/Example3

27-02-2025T09:35:04 - [TEST_STEP][PASSED] - Start listener action : sampleBeforeTestCase: null

27-02-2025T09:35:04 - [TEST_STEP][PASSED] - println(testCaseContext.getTestCaseId()): null

27-02-2025T09:35:04 - [TEST_STEP][PASSED] - println(testCaseContext.getTestCaseVariables()): null

27-02-2025T09:35:04 - [TEST_STEP][PASSED] - println("Test case started"): null

27-02-2025T09:35:04 - [TEST_STEP][PASSED] - openBrowser(""): Browser is opened with url: ''

27-02-2025T09:35:04 - [MESSAGE][INFO] - Starting 'Chrome' driver

27-02-2025T09:35:04 - [MESSAGE][INFO] - Action delay is set to 0 milliseconds

27-02-2025T09:35:06 - [MESSAGE][PASSED] - Browser is opened with url: ''

27-02-2025T09:35:06 - [TEST_STEP][PASSED] - delay(2): Delayed 2 second(s)

27-02-2025T09:35:08 - [MESSAGE][PASSED] - Delayed 2 second(s)

27-02-2025T09:35:08 - [TEST_STEP][PASSED] - navigateToUrl("https://demo.automationtesting.in/Frames.html"): Navigate to 'https://demo.automationtesting.in/Frames.html' successfully

27-02-2025T09:35:29 - [MESSAGE][PASSED] - Navigate to 'https://demo.automationtesting.in/Frames.html' successfully

27-02-2025T09:35:29 - [TEST_STEP][PASSED] - delay(2): Delayed 2 second(s)

27-02-2025T09:35:31 - [MESSAGE][PASSED] - Delayed 2 second(s)

27-02-2025T09:35:31 - [TEST_STEP][PASSED] - waitForElementPresent(findTestObject("Example3/Page_Frames/input_text"), 0): Object 'Object Repository/Example3/Page_Frames/input_text' is present

27-02-2025T09:35:31 - [MESSAGE][WARNING] - Timeout '0' is invalid. Using default page load timeout: '30'

27-02-2025T09:35:32 - [MESSAGE][WARNING] - Timeout '0' is invalid. Using default page load timeout: '30'

27-02-2025T09:35:32 - [MESSAGE][PASSED] - Object 'Object Repository/Example3/Page_Frames/input_text' is present

27-02-2025T09:35:32 - [TEST_STEP][PASSED] - delay(2): Delayed 2 second(s)

27-02-2025T09:35:34 - [MESSAGE][PASSED] - Delayed 2 second(s)

27-02-2025T09:35:34 - [TEST_STEP][PASSED] - setText(findTestObject("Object Repository/Example3/Page_Frames/input_text"), User): Text 'rajesh' is set on object 'Object Repository/Example3/Page_Frames/input_text'

27-02-2025T09:35:34 - [MESSAGE][PASSED] - Text 'rajesh' is set on object 'Object Repository/Example3/Page_Frames/input_text'

27-02-2025T09:35:35 - [TEST_STEP][PASSED] - delay(2): Delayed 2 second(s)

27-02-2025T09:35:37 - [MESSAGE][PASSED] - Delayed 2 second(s)

27-02-2025T09:35:37 - [TEST_STEP][PASSED] - click(findTestObject("Object Repository/Example3/Page_Frames/div_Single Iframe                          _fea3d6")): Object: 'Object Repository/Example3/Page_Frames/div_Single Iframe                          _fea3d6' is clicked on

27-02-2025T09:35:37 - [MESSAGE][PASSED] - Object: 'Object Repository/Example3/Page_Frames/div_Single Iframe                          _fea3d6' is clicked on

27-02-2025T09:35:37 - [TEST_STEP][PASSED] - delay(2): Delayed 2 second(s)

27-02-2025T09:35:39 - [MESSAGE][PASSED] - Delayed 2 second(s)

27-02-2025T09:35:39 - [TEST_STEP][PASSED] - Start listener action : sampleAfterTestCase: null

27-02-2025T09:35:39 - [TEST_STEP][PASSED] - println(testCaseContext.getTestCaseId()): null

27-02-2025T09:35:39 - [TEST_STEP][PASSED] - println(testCaseContext.getTestCaseStatus()): null

27-02-2025T09:35:39 - [TEST_STEP][PASSED] - println("Test case closed"): null]]></system-out>
         <system-err><![CDATA[]]></system-err>
      </testcase>
      <system-out><![CDATA[27-02-2025T09:34:25 - [TEST_SUITE][PASSED] - New Test Suite: Test Cases/Example3]]></system-out>
      <system-err><![CDATA[]]></system-err>
   </testsuite>
</testsuites>
