<?xml version="1.0" encoding="UTF-8"?>
<testsuites name="New Test Suite" time="50.65" tests="1" failures="0" errors="0">
   <testsuite name="New Test Suite" tests="1" failures="0" errors="0" time="50.65" skipped="0" timestamp="24-01-2025T21:15:52" hostname="Rajesh kasture - LAPTOP-9U10MB95" id="Test Suites/New Test Suite">
      <properties>
         <property name="deviceName" value=""/>
         <property name="devicePlatform"/>
         <property name="logFolder" value="C:\\Users\\Rajesh kasture\\git\\DemoWebProject\\DemoWebProject\\Reports\\20250124_211536\\New Test Suite\\20250124_211537"/>
         <property name="logFiles" value="C:\\Users\\Rajesh kasture\\git\\DemoWebProject\\DemoWebProject\\Reports\\20250124_211536\\New Test Suite\\20250124_211537\\execution0.log"/>
         <property name="attachments" value=""/>
         <property name="hostName" value="Rajesh kasture - LAPTOP-9U10MB95"/>
         <property name="os" value="Windows 11 64bit"/>
         <property name="katalonVersion" value="10.0.1.223"/>
         <property name="browser" value="Chrome 132.0.0.0"/>
         <property name="hostAddress" value="192.168.156.174"/>
         <property name="sessionId" value="c450715cfb4c56936721df834f294d43"/>
         <property name="seleniumVersion" value="4.22.0"/>
         <property name="proxyInformation" value="ProxyInformation { proxyOption=NO_PROXY, proxyServerType=HTTP, username=, password=********, proxyServerAddress=, proxyServerPort=0, executionList=&quot;&quot;, isApplyToDesiredCapabilities=true }"/>
         <property name="platform" value="Windows 11"/>
      </properties>
      <testcase name="Test Cases/LoginPage" time="50.055" classname="Test Cases/LoginPage" status="PASSED">
         <system-out><![CDATA[24-01-2025T21:15:53 - [TEST_CASE][PASSED] - Test Cases/LoginPage: Test Cases/LoginPage

24-01-2025T21:15:53 - [TEST_STEP][PASSED] - Start listener action : sampleBeforeTestCase: null

24-01-2025T21:15:53 - [TEST_STEP][PASSED] - println(testCaseContext.getTestCaseId()): null

24-01-2025T21:15:53 - [TEST_STEP][PASSED] - println(testCaseContext.getTestCaseVariables()): null

24-01-2025T21:15:53 - [TEST_STEP][PASSED] - println("Test case started"): null

24-01-2025T21:15:53 - [TEST_STEP][PASSED] - openBrowser(""): Browser is opened with url: ''

24-01-2025T21:15:54 - [MESSAGE][INFO] - Starting 'Chrome' driver

24-01-2025T21:15:54 - [MESSAGE][INFO] - Action delay is set to 0 milliseconds

24-01-2025T21:16:15 - [MESSAGE][PASSED] - Browser is opened with url: ''

24-01-2025T21:16:15 - [TEST_STEP][PASSED] - delay(2): Delayed 2 second(s)

24-01-2025T21:16:17 - [MESSAGE][PASSED] - Delayed 2 second(s)

24-01-2025T21:16:17 - [TEST_STEP][PASSED] - navigateToUrl("https://opensource-demo.orangehrmlive.com/web/index.php/auth/login"): Navigate to 'https://opensource-demo.orangehrmlive.com/web/index.php/auth/login' successfully

24-01-2025T21:16:23 - [MESSAGE][PASSED] - Navigate to 'https://opensource-demo.orangehrmlive.com/web/index.php/auth/login' successfully

24-01-2025T21:16:23 - [TEST_STEP][PASSED] - maximizeWindow(STOP_ON_FAILURE): Current window maximized

24-01-2025T21:16:23 - [MESSAGE][PASSED] - Current window maximized

24-01-2025T21:16:23 - [TEST_STEP][PASSED] - delay(2): Delayed 2 second(s)

24-01-2025T21:16:25 - [MESSAGE][PASSED] - Delayed 2 second(s)

24-01-2025T21:16:25 - [TEST_STEP][PASSED] - setText(findTestObject("LoginPage/Page_OrangeHRM/input_Username_username"), "Admin"): Text 'Admin' is set on object 'Object Repository/LoginPage/Page_OrangeHRM/input_Username_username'

24-01-2025T21:16:29 - [MESSAGE][PASSED] - Text 'Admin' is set on object 'Object Repository/LoginPage/Page_OrangeHRM/input_Username_username'

24-01-2025T21:16:29 - [TEST_STEP][PASSED] - delay(2): Delayed 2 second(s)

24-01-2025T21:16:31 - [MESSAGE][PASSED] - Delayed 2 second(s)

24-01-2025T21:16:31 - [TEST_STEP][PASSED] - setText(findTestObject("LoginPage/Page_OrangeHRM/input_Password_password"), "admin123"): Text 'admin123' is set on object 'Object Repository/LoginPage/Page_OrangeHRM/input_Password_password'

24-01-2025T21:16:32 - [MESSAGE][PASSED] - Text 'admin123' is set on object 'Object Repository/LoginPage/Page_OrangeHRM/input_Password_password'

24-01-2025T21:16:32 - [TEST_STEP][PASSED] - delay(2): Delayed 2 second(s)

24-01-2025T21:16:34 - [MESSAGE][PASSED] - Delayed 2 second(s)

24-01-2025T21:16:34 - [TEST_STEP][PASSED] - click(findTestObject("LoginPage/Page_OrangeHRM/button_Login")): Object: 'Object Repository/LoginPage/Page_OrangeHRM/button_Login' is clicked on

24-01-2025T21:16:37 - [MESSAGE][PASSED] - Object: 'Object Repository/LoginPage/Page_OrangeHRM/button_Login' is clicked on

24-01-2025T21:16:37 - [TEST_STEP][PASSED] - delay(2): Delayed 2 second(s)

24-01-2025T21:16:39 - [MESSAGE][PASSED] - Delayed 2 second(s)

24-01-2025T21:16:39 - [TEST_STEP][PASSED] - closeBrowser(STOP_ON_FAILURE): Browser is closed

24-01-2025T21:16:43 - [MESSAGE][PASSED] - Browser is closed

24-01-2025T21:16:43 - [TEST_STEP][PASSED] - Start listener action : sampleAfterTestCase: null

24-01-2025T21:16:43 - [TEST_STEP][PASSED] - println(testCaseContext.getTestCaseId()): null

24-01-2025T21:16:43 - [TEST_STEP][PASSED] - println(testCaseContext.getTestCaseStatus()): null

24-01-2025T21:16:43 - [TEST_STEP][PASSED] - println("Test case closed"): null]]></system-out>
         <system-err><![CDATA[]]></system-err>
      </testcase>
      <system-out><![CDATA[24-01-2025T21:15:52 - [TEST_SUITE][PASSED] - New Test Suite: Test Cases/LoginPage]]></system-out>
      <system-err><![CDATA[]]></system-err>
   </testsuite>
</testsuites>
