<?xml version="1.0" encoding="UTF-8"?>
<testsuites name="New Test Suite" time="172.313" tests="1" failures="0" errors="0">
   <testsuite name="New Test Suite" tests="1" failures="0" errors="0" time="172.313" skipped="0" timestamp="03-02-2025T19:37:17" hostname="Rajesh kasture - LAPTOP-9U10MB95" id="Test Suites/New Test Suite">
      <properties>
         <property name="deviceName" value=""/>
         <property name="devicePlatform"/>
         <property name="logFolder" value="C:\\Users\\Rajesh kasture\\git\\DemoWebProject\\DemoWebProject\\Reports\\20250203_193639\\New Test Suite\\20250203_193649"/>
         <property name="logFiles" value="C:\\Users\\Rajesh kasture\\git\\DemoWebProject\\DemoWebProject\\Reports\\20250203_193639\\New Test Suite\\20250203_193649\\execution0.log"/>
         <property name="attachments" value=""/>
         <property name="hostName" value="Rajesh kasture - LAPTOP-9U10MB95"/>
         <property name="os" value="Windows 11 64bit"/>
         <property name="katalonVersion" value="10.0.1.223"/>
         <property name="browser" value="Chrome 132.0.0.0"/>
         <property name="hostAddress" value="192.168.156.174"/>
         <property name="sessionId" value="f8bfad74a265f0fd9abe502add67b943"/>
         <property name="seleniumVersion" value="4.22.0"/>
         <property name="proxyInformation" value="ProxyInformation { proxyOption=NO_PROXY, proxyServerType=HTTP, username=, password=********, proxyServerAddress=, proxyServerPort=0, executionList=&quot;&quot;, isApplyToDesiredCapabilities=true }"/>
         <property name="platform" value="Windows 11"/>
      </properties>
      <testcase name="Test Cases/LoginPage" time="170.876" classname="Test Cases/LoginPage" status="PASSED">
         <system-out><![CDATA[03-02-2025T19:37:18 - [TEST_CASE][PASSED] - Test Cases/LoginPage: Test Cases/LoginPage

03-02-2025T19:37:19 - [TEST_STEP][PASSED] - Start listener action : sampleBeforeTestCase: null

03-02-2025T19:37:19 - [TEST_STEP][PASSED] - println(testCaseContext.getTestCaseId()): null

03-02-2025T19:37:19 - [TEST_STEP][PASSED] - println(testCaseContext.getTestCaseVariables()): null

03-02-2025T19:37:19 - [TEST_STEP][PASSED] - println("Test case started"): null

03-02-2025T19:37:20 - [TEST_STEP][PASSED] - openBrowser(""): Browser is opened with url: ''

03-02-2025T19:37:23 - [MESSAGE][INFO] - Starting 'Chrome' driver

03-02-2025T19:37:23 - [MESSAGE][INFO] - Action delay is set to 0 milliseconds

03-02-2025T19:38:43 - [MESSAGE][PASSED] - Browser is opened with url: ''

03-02-2025T19:38:43 - [TEST_STEP][PASSED] - delay(2): Delayed 2 second(s)

03-02-2025T19:38:45 - [MESSAGE][PASSED] - Delayed 2 second(s)

03-02-2025T19:38:45 - [TEST_STEP][PASSED] - navigateToUrl("https://opensource-demo.orangehrmlive.com/web/index.php/auth/login"): Navigate to 'https://opensource-demo.orangehrmlive.com/web/index.php/auth/login' successfully

03-02-2025T19:38:59 - [MESSAGE][PASSED] - Navigate to 'https://opensource-demo.orangehrmlive.com/web/index.php/auth/login' successfully

03-02-2025T19:38:59 - [TEST_STEP][PASSED] - maximizeWindow(STOP_ON_FAILURE): Current window maximized

03-02-2025T19:39:01 - [MESSAGE][PASSED] - Current window maximized

03-02-2025T19:39:01 - [TEST_STEP][PASSED] - delay(2): Delayed 2 second(s)

03-02-2025T19:39:03 - [MESSAGE][PASSED] - Delayed 2 second(s)

03-02-2025T19:39:03 - [TEST_STEP][PASSED] - setText(findTestObject("LoginPage/Page_OrangeHRM/input_Username_username"), "Admin"): Text 'Admin' is set on object 'Object Repository/LoginPage/Page_OrangeHRM/input_Username_username'

03-02-2025T19:39:35 - [MESSAGE][PASSED] - Text 'Admin' is set on object 'Object Repository/LoginPage/Page_OrangeHRM/input_Username_username'

03-02-2025T19:39:35 - [TEST_STEP][PASSED] - delay(2): Delayed 2 second(s)

03-02-2025T19:39:37 - [MESSAGE][PASSED] - Delayed 2 second(s)

03-02-2025T19:39:37 - [TEST_STEP][PASSED] - setText(findTestObject("LoginPage/Page_OrangeHRM/input_Password_password"), "admin123"): Text 'admin123' is set on object 'Object Repository/LoginPage/Page_OrangeHRM/input_Password_password'

03-02-2025T19:39:43 - [MESSAGE][PASSED] - Text 'admin123' is set on object 'Object Repository/LoginPage/Page_OrangeHRM/input_Password_password'

03-02-2025T19:39:43 - [TEST_STEP][PASSED] - delay(2): Delayed 2 second(s)

03-02-2025T19:39:45 - [MESSAGE][PASSED] - Delayed 2 second(s)

03-02-2025T19:39:45 - [TEST_STEP][PASSED] - click(findTestObject("LoginPage/Page_OrangeHRM/button_Login")): Object: 'Object Repository/LoginPage/Page_OrangeHRM/button_Login' is clicked on

03-02-2025T19:39:52 - [MESSAGE][PASSED] - Object: 'Object Repository/LoginPage/Page_OrangeHRM/button_Login' is clicked on

03-02-2025T19:39:52 - [TEST_STEP][PASSED] - delay(2): Delayed 2 second(s)

03-02-2025T19:39:54 - [MESSAGE][PASSED] - Delayed 2 second(s)

03-02-2025T19:39:54 - [TEST_STEP][PASSED] - closeBrowser(STOP_ON_FAILURE): Browser is closed

03-02-2025T19:40:09 - [MESSAGE][PASSED] - Browser is closed

03-02-2025T19:40:09 - [TEST_STEP][PASSED] - Start listener action : sampleAfterTestCase: null

03-02-2025T19:40:09 - [TEST_STEP][PASSED] - println(testCaseContext.getTestCaseId()): null

03-02-2025T19:40:09 - [TEST_STEP][PASSED] - println(testCaseContext.getTestCaseStatus()): null

03-02-2025T19:40:09 - [TEST_STEP][PASSED] - println("Test case closed"): null]]></system-out>
         <system-err><![CDATA[]]></system-err>
      </testcase>
      <system-out><![CDATA[03-02-2025T19:37:17 - [TEST_SUITE][PASSED] - New Test Suite: Test Cases/LoginPage]]></system-out>
      <system-err><![CDATA[]]></system-err>
   </testsuite>
</testsuites>
